<?xml version="1.0" encoding="UTF-8"?>
<!-- Generated by org.testng.reporters.JUnitXMLReporter -->
<testsuite ignored="4" hostname="DESKTOP-3II2TUU" failures="0" tests="5" name="Test" time="0.126" errors="0" timestamp="09 Mar 2023 06:03:01 GMT">
  <testcase classname="org.code.A" name="ta1" time="0.018"/>
  <testcase classname="org.code.A" name="ta3" time="0.008"/>
  <testcase classname="org.code.B" name="tb1" time="0.006"/>
  <testcase classname="org.code.C" name="tc1" time="0.009"/>
  <testcase classname="org.code.C" name="tc3" time="0.009"/>
  <testcase classname="org.code.A" name="ta2" time="0.0">
    <ignored/>
  </testcase> <!-- ta2 -->
  <testcase classname="org.code.B" name="tb2" time="0.0">
    <ignored/>
  </testcase> <!-- tb2 -->
  <testcase classname="org.code.C" name="tc2" time="0.0">
    <ignored/>
  </testcase> <!-- tc2 -->
  <testcase classname="org.code.B" name="tb3" time="0.0">
    <ignored/>
  </testcase> <!-- tb3 -->
</testsuite> <!-- Test -->
